[NX Daemon Server] - 2024-10-16T13:31:20.997Z - Started listening on: \\.\pipe\nx\C:\Users\krzys\AppData\Local\Temp\b2f071c5a0b7d720f698\d.sock
[NX Daemon Server] - 2024-10-16T13:31:21.002Z - [WATCHER]: Subscribed to changes within: D:\Projekty\smart-clock (native)
[NX Daemon Server] - 2024-10-16T13:31:21.004Z - Established a connection. Number of open connections: 1
[NX Daemon Server] - 2024-10-16T13:31:21.005Z - Established a connection. Number of open connections: 2
[NX Daemon Server] - 2024-10-16T13:31:21.007Z - Closed a connection. Number of open connections: 1
[NX Daemon Server] - 2024-10-16T13:31:21.009Z - [REQUEST]: Responding to the client. Shutdown initiated
[NX Daemon Server] - 2024-10-16T13:31:21.010Z - Done responding to the client Shutdown initiated
[NX Daemon Server] - 2024-10-16T13:31:21.020Z - Handled FORCE_SHUTDOWN. Handling time: 0. Response time: 11.
[NX Daemon Server] - 2024-10-16T13:31:21.020Z - Closed a connection. Number of open connections: 0
[NX Daemon Server] - 2024-10-16T13:31:21.021Z - [WATCHER]: Stopping the watcher for D:\Projekty\smart-clock (sources)
[NX Daemon Server] - 2024-10-16T13:31:21.021Z - [WATCHER]: Stopping the watcher for D:\Projekty\smart-clock (outputs)
[NX Daemon Server] - 2024-10-16T13:38:10.417Z - Started listening on: \\.\pipe\nx\C:\Users\krzys\AppData\Local\Temp\b2f071c5a0b7d720f698\d.sock
[NX Daemon Server] - 2024-10-16T13:38:10.422Z - [WATCHER]: Subscribed to changes within: D:\Projekty\smart-clock (native)
[NX Daemon Server] - 2024-10-16T13:38:10.429Z - Established a connection. Number of open connections: 1
[NX Daemon Server] - 2024-10-16T13:38:10.431Z - Closed a connection. Number of open connections: 0
[NX Daemon Server] - 2024-10-16T13:38:10.431Z - Established a connection. Number of open connections: 1
[NX Daemon Server] - 2024-10-16T13:38:10.433Z - [REQUEST]: Responding to the client. Shutdown initiated
[NX Daemon Server] - 2024-10-16T13:38:10.434Z - Done responding to the client Shutdown initiated
[NX Daemon Server] - 2024-10-16T13:38:10.435Z - Handled FORCE_SHUTDOWN. Handling time: 0. Response time: 2.
[NX Daemon Server] - 2024-10-16T13:38:10.435Z - Closed a connection. Number of open connections: 0
[NX Daemon Server] - 2024-10-16T13:38:10.435Z - [WATCHER]: Stopping the watcher for D:\Projekty\smart-clock (sources)
[NX Daemon Server] - 2024-10-16T13:38:10.435Z - [WATCHER]: Stopping the watcher for D:\Projekty\smart-clock (outputs)
[NX Daemon Server] - 2024-10-16T13:40:18.716Z - Started listening on: \\.\pipe\nx\C:\Users\krzys\AppData\Local\Temp\b2f071c5a0b7d720f698\d.sock
[NX Daemon Server] - 2024-10-16T13:40:18.721Z - [WATCHER]: Subscribed to changes within: D:\Projekty\smart-clock (native)
[NX Daemon Server] - 2024-10-16T13:40:18.725Z - Established a connection. Number of open connections: 1
[NX Daemon Server] - 2024-10-16T13:40:18.727Z - Closed a connection. Number of open connections: 0
[NX Daemon Server] - 2024-10-16T13:40:18.727Z - Established a connection. Number of open connections: 1
[NX Daemon Server] - 2024-10-16T13:40:18.730Z - [REQUEST]: Responding to the client. Shutdown initiated
[NX Daemon Server] - 2024-10-16T13:40:18.731Z - Done responding to the client Shutdown initiated
[NX Daemon Server] - 2024-10-16T13:40:18.731Z - Handled FORCE_SHUTDOWN. Handling time: 0. Response time: 1.
[NX Daemon Server] - 2024-10-16T13:40:18.732Z - Closed a connection. Number of open connections: 0
[NX Daemon Server] - 2024-10-16T13:40:18.732Z - [WATCHER]: Stopping the watcher for D:\Projekty\smart-clock (sources)
[NX Daemon Server] - 2024-10-16T13:40:18.732Z - [WATCHER]: Stopping the watcher for D:\Projekty\smart-clock (outputs)
[NX Daemon Server] - 2024-10-16T13:45:23.805Z - Started listening on: \\.\pipe\nx\C:\Users\krzys\AppData\Local\Temp\b2f071c5a0b7d720f698\d.sock
[NX Daemon Server] - 2024-10-16T13:45:23.810Z - [WATCHER]: Subscribed to changes within: D:\Projekty\smart-clock (native)
[NX Daemon Server] - 2024-10-16T13:45:23.813Z - Established a connection. Number of open connections: 1
[NX Daemon Server] - 2024-10-16T13:45:23.815Z - Closed a connection. Number of open connections: 0
[NX Daemon Server] - 2024-10-16T13:45:23.815Z - Established a connection. Number of open connections: 1
[NX Daemon Server] - 2024-10-16T13:45:23.817Z - [REQUEST]: Responding to the client. Shutdown initiated
[NX Daemon Server] - 2024-10-16T13:45:23.818Z - Done responding to the client Shutdown initiated
[NX Daemon Server] - 2024-10-16T13:45:23.818Z - Handled FORCE_SHUTDOWN. Handling time: 0. Response time: 1.
[NX Daemon Server] - 2024-10-16T13:45:23.819Z - Closed a connection. Number of open connections: 0
[NX Daemon Server] - 2024-10-16T13:45:23.819Z - [WATCHER]: Stopping the watcher for D:\Projekty\smart-clock (sources)
[NX Daemon Server] - 2024-10-16T13:45:23.819Z - [WATCHER]: Stopping the watcher for D:\Projekty\smart-clock (outputs)
[NX Daemon Server] - 2024-10-16T13:46:37.505Z - Started listening on: \\.\pipe\nx\C:\Users\krzys\AppData\Local\Temp\b2f071c5a0b7d720f698\d.sock
[NX Daemon Server] - 2024-10-16T13:46:37.512Z - [WATCHER]: Subscribed to changes within: D:\Projekty\smart-clock (native)
[NX Daemon Server] - 2024-10-16T13:46:37.514Z - Established a connection. Number of open connections: 1
[NX Daemon Server] - 2024-10-16T13:46:37.515Z - Established a connection. Number of open connections: 2
[NX Daemon Server] - 2024-10-16T13:46:37.516Z - Closed a connection. Number of open connections: 1
[NX Daemon Server] - 2024-10-16T13:46:37.518Z - [REQUEST]: Responding to the client. Shutdown initiated
[NX Daemon Server] - 2024-10-16T13:46:37.519Z - Done responding to the client Shutdown initiated
[NX Daemon Server] - 2024-10-16T13:46:37.519Z - Handled FORCE_SHUTDOWN. Handling time: 0. Response time: 1.
[NX Daemon Server] - 2024-10-16T13:46:37.520Z - Closed a connection. Number of open connections: 0
[NX Daemon Server] - 2024-10-16T13:46:37.520Z - [WATCHER]: Stopping the watcher for D:\Projekty\smart-clock (sources)
[NX Daemon Server] - 2024-10-16T13:46:37.521Z - [WATCHER]: Stopping the watcher for D:\Projekty\smart-clock (outputs)
[NX Daemon Server] - 2024-10-16T13:50:00.385Z - Started listening on: \\.\pipe\nx\C:\Users\krzys\AppData\Local\Temp\b2f071c5a0b7d720f698\d.sock
[NX Daemon Server] - 2024-10-16T13:50:00.389Z - [WATCHER]: Subscribed to changes within: D:\Projekty\smart-clock (native)
[NX Daemon Server] - 2024-10-16T13:50:00.392Z - Established a connection. Number of open connections: 1
[NX Daemon Server] - 2024-10-16T13:50:00.392Z - Established a connection. Number of open connections: 2
[NX Daemon Server] - 2024-10-16T13:50:00.394Z - Closed a connection. Number of open connections: 1
[NX Daemon Server] - 2024-10-16T13:50:00.397Z - [REQUEST]: Responding to the client. Shutdown initiated
[NX Daemon Server] - 2024-10-16T13:50:00.398Z - Done responding to the client Shutdown initiated
[NX Daemon Server] - 2024-10-16T13:50:00.398Z - Handled FORCE_SHUTDOWN. Handling time: 0. Response time: 1.
[NX Daemon Server] - 2024-10-16T13:50:00.398Z - Closed a connection. Number of open connections: 0
[NX Daemon Server] - 2024-10-16T13:50:00.399Z - [WATCHER]: Stopping the watcher for D:\Projekty\smart-clock (sources)
[NX Daemon Server] - 2024-10-16T13:50:00.399Z - [WATCHER]: Stopping the watcher for D:\Projekty\smart-clock (outputs)
